<?xml version="1.0" encoding="UTF-8"?>
<testsuite xmlns:xsi="http://www.w3.org/2001/XMLSchema-instance" xsi:noNamespaceSchemaLocation="https://maven.apache.org/surefire/maven-surefire-plugin/xsd/surefire-test-report-3.0.xsd" version="3.0" name="serviceNow.WebGmailLoginTest" time="7.999" tests="1" errors="0" skipped="0" failures="0">
  <properties>
[...]
</properties>
  <testcase name="verifyGmailLogin" classname="serviceNow.WebGmailLoginTest" time="7.955">
    <system-err><![CDATA[Starting Microsoft Edge WebDriver 127.0.2651.98 (9996f88545e18c16921985a1cf83cfb2dd39e851) on port 35446
To submit feedback, report a bug, or suggest new features, please visit https://github.com/MicrosoftEdge/EdgeWebDriver

Only local connections are allowed.
Please see https://aka.ms/WebDriverSecurity for suggestions on keeping Microsoft Edge WebDriver safe.

Microsoft Edge WebDriver was started successfully.
[1726571942.022][WARNING]: This version of Microsoft Edge WebDriver has not been tested with Microsoft Edge version 128.
Sep 17, 2024 4:49:02 PM org.openqa.selenium.remote.ProtocolHandshake createSession
INFO: Detected dialect: W3C
Sep 17, 2024 4:49:06 PM businessLogicWeb.GmailLogin gmailLogin
INFO: Next Button does appear on screen.
[1726571946.340][SEVERE]: Unable to receive message from renderer
]]></system-err>
  </testcase>
</testsuite>